[35m
✰✰✰✰✰✰✰✰✰✰✰✰✰✰✰✰✰✰✰✰✰✰✰✰✰✰✰✰✰✰✰✰✰✰✰✰✰✰✰✰✰✰✰✰✰✰✰✰✰
(B[m
[36mStep 1(B[m: Getting ready to [36mbuild!
[35m
✰✰✰✰✰✰✰✰✰✰✰✰✰✰✰✰✰✰✰✰✰✰✰✰✰✰✰✰✰✰✰✰✰✰✰✰✰✰✰✰✰✰✰✰✰✰✰✰✰
(B[m
[35m
✰✰✰✰✰✰✰✰✰✰✰✰✰✰✰✰✰✰✰✰✰✰✰✰✰✰✰✰✰✰✰✰✰✰✰✰✰✰✰✰✰✰✰✰✰✰✰✰✰
(B[m
Oki! Preparing iso build using [36m002SE(B[m!
Oki! When iso build is [35mdone(B[m you can find the iso in [36m../ignore/(B[m!
Oki! [36m/tmp/archiso-fs/(B[m will be where the build takes place!
[35m
✰✰✰✰✰✰✰✰✰✰✰✰✰✰✰✰✰✰✰✰✰✰✰✰✰✰✰✰✰✰✰✰✰✰✰✰✰✰✰✰✰✰✰✰✰✰✰✰✰
(B[m
[35m
✰✰✰✰✰✰✰✰✰✰✰✰✰✰✰✰✰✰✰✰✰✰✰✰✰✰✰✰✰✰✰✰✰✰✰✰✰✰✰✰✰✰✰✰✰✰✰✰✰
(B[m
[36mStep 2(B[m: Making sure you have latest [36marchiso!
[35m
✰✰✰✰✰✰✰✰✰✰✰✰✰✰✰✰✰✰✰✰✰✰✰✰✰✰✰✰✰✰✰✰✰✰✰✰✰✰✰✰✰✰✰✰✰✰✰✰✰
(B[m
 there is nothing to do
[35m
✰✰✰✰✰✰✰✰✰✰✰✰✰✰✰✰✰✰✰✰✰✰✰✰✰✰✰✰✰✰✰✰✰✰✰✰✰✰✰✰✰✰✰✰✰✰✰✰✰
(B[m
[36mStep 3(B[m:Getting ready to [36mbuild the iso!(B[m
Will be [4m[31mdeleting(B[m previous work folder [4mif(B[m one exists!
[35m
✰✰✰✰✰✰✰✰✰✰✰✰✰✰✰✰✰✰✰✰✰✰✰✰✰✰✰✰✰✰✰✰✰✰✰✰✰✰✰✰✰✰✰✰✰✰✰✰✰
(B[m
[35m
✰✰✰✰✰✰✰✰✰✰✰✰✰✰✰✰✰✰✰✰✰✰✰✰✰✰✰✰✰✰✰✰✰✰✰✰✰✰✰✰✰✰✰✰✰✰✰✰✰
(B[m
[36mStep 3.5(B[m: Updating [36mreferences(B[m and [36mprofiledef.sh(B[m!
[35m
✰✰✰✰✰✰✰✰✰✰✰✰✰✰✰✰✰✰✰✰✰✰✰✰✰✰✰✰✰✰✰✰✰✰✰✰✰✰✰✰✰✰✰✰✰✰✰✰✰
(B[m
[35m
✰✰✰✰✰✰✰✰✰✰✰✰✰✰✰✰✰✰✰✰✰✰✰✰✰✰✰✰✰✰✰✰✰✰✰✰✰✰✰✰✰✰✰✰✰✰✰✰✰
(B[m
Below are the [4mcurrent(B[m relevant values in your [36mprofiledef.sh(B[m.
[35m
✰✰✰✰✰✰✰✰✰✰✰✰✰✰✰✰✰✰✰✰✰✰✰✰✰✰✰✰✰✰✰✰✰✰✰✰✰✰✰✰✰✰✰✰✰✰✰✰✰
(B[m
iso_name="newKaisoEXP"
iso_label="newKaisoEXP_0.7e"
iso_publisher="keyaedisa <https://twitter.com/keyaedisa>"
iso_application="newKaiEXP installer"
iso_version="0.7e"

[35m
✰✰✰✰✰✰✰✰✰✰✰✰✰✰✰✰✰✰✰✰✰✰✰✰✰✰✰✰✰✰✰✰✰✰✰✰✰✰✰✰✰✰✰✰✰✰✰✰✰
(B[m
Okay, what [36mISO detail(B[m would you like to [1mchange(B[m?
iso_name="newKaisoEXP"
iso_label="newKaisoEXP_0.7e"
iso_publisher="keyaedisa <https://twitter.com/keyaedisa>"
iso_application="newKaiEXP installer"
iso_version="0.7e"

Choose an option [1m[36m1-5(B[m to [4mmodify(B[m. Enter [36m6(B[m [1mor(B[m [36mFinished(B[m when [4mfinished(B[m!
[35m
✰✰✰✰✰✰✰✰✰✰✰✰✰✰✰✰✰✰✰✰✰✰✰✰✰✰✰✰✰✰✰✰✰✰✰✰✰✰✰✰✰✰✰✰✰✰✰✰✰
(B[m

Oki. This [36mISO(B[m will now be named [36m002SE Alpha(B[m!
[35m
✰✰✰✰✰✰✰✰✰✰✰✰✰✰✰✰✰✰✰✰✰✰✰✰✰✰✰✰✰✰✰✰✰✰✰✰✰✰✰✰✰✰✰✰✰✰✰✰✰
(B[m
[35m
✰✰✰✰✰✰✰✰✰✰✰✰✰✰✰✰✰✰✰✰✰✰✰✰✰✰✰✰✰✰✰✰✰✰✰✰✰✰✰✰✰✰✰✰✰✰✰✰✰
(B[m
[4mCurrent(B[m values in [36mprofiledef.sh(B[m!
iso_name="002SE Alpha"
iso_label="newKaisoEXP_0.7e"
iso_publisher="keyaedisa <https://twitter.com/keyaedisa>"
iso_application="newKaiEXP installer"
iso_version="0.7e"

What to modify [36mnext(B[m?
Choose an option [1m[36m1-5(B[m to modify. Enter [36m6(B[m [1mor(B[m [36mFinished(B[m when [4mfinished(B[m!

[35m
✰✰✰✰✰✰✰✰✰✰✰✰✰✰✰✰✰✰✰✰✰✰✰✰✰✰✰✰✰✰✰✰✰✰✰✰✰✰✰✰✰✰✰✰✰✰✰✰✰
(B[m

Oki. This [36mISO(B[m will now be labeled [36m002 Server Edition Alpha(B[m!
[35m
✰✰✰✰✰✰✰✰✰✰✰✰✰✰✰✰✰✰✰✰✰✰✰✰✰✰✰✰✰✰✰✰✰✰✰✰✰✰✰✰✰✰✰✰✰✰✰✰✰
(B[m
[35m
✰✰✰✰✰✰✰✰✰✰✰✰✰✰✰✰✰✰✰✰✰✰✰✰✰✰✰✰✰✰✰✰✰✰✰✰✰✰✰✰✰✰✰✰✰✰✰✰✰
(B[m
[4mCurrent(B[m values in [36mprofiledef.sh(B[m!
iso_name="002SE Alpha"
iso_label="002 Server Edition Alpha"
iso_publisher="keyaedisa <https://twitter.com/keyaedisa>"
iso_application="newKaiEXP installer"
iso_version="0.7e"

What to modify [36mnext(B[m?
Choose an option [1m[36m1-5(B[m to modify. Enter [36m6(B[m [1mor(B[m [36mFinished(B[m when [4mfinished(B[m!

[35m
✰✰✰✰✰✰✰✰✰✰✰✰✰✰✰✰✰✰✰✰✰✰✰✰✰✰✰✰✰✰✰✰✰✰✰✰✰✰✰✰✰✰✰✰✰✰✰✰✰
(B[m

Oki. This [36mISO(B[m will now be credited to [36mkeyaedisa <https://github.com/keyaedisa>(B[m!
[35m
✰✰✰✰✰✰✰✰✰✰✰✰✰✰✰✰✰✰✰✰✰✰✰✰✰✰✰✰✰✰✰✰✰✰✰✰✰✰✰✰✰✰✰✰✰✰✰✰✰
(B[m
[35m
✰✰✰✰✰✰✰✰✰✰✰✰✰✰✰✰✰✰✰✰✰✰✰✰✰✰✰✰✰✰✰✰✰✰✰✰✰✰✰✰✰✰✰✰✰✰✰✰✰
(B[m
[4mCurrent(B[m values in [36mprofiledef.sh(B[m!
iso_name="002SE Alpha"
iso_label="002 Server Edition Alpha"
iso_publisher="keyaedisa <https://github.com/keyaedisa>"
iso_application="newKaiEXP installer"
iso_version="0.7e"

What to modify [36mnext(B[m?
Choose an option [1m[36m1-5(B[m to modify. Enter [36m6(B[m [1mor(B[m [36mFinished(B[m when [4mfinished(B[m!

[35m
✰✰✰✰✰✰✰✰✰✰✰✰✰✰✰✰✰✰✰✰✰✰✰✰✰✰✰✰✰✰✰✰✰✰✰✰✰✰✰✰✰✰✰✰✰✰✰✰✰
(B[m

Oki. This [36mISO's application(B[m will now be [36m002SE installer(B[m!
[35m
✰✰✰✰✰✰✰✰✰✰✰✰✰✰✰✰✰✰✰✰✰✰✰✰✰✰✰✰✰✰✰✰✰✰✰✰✰✰✰✰✰✰✰✰✰✰✰✰✰
(B[m
[35m
✰✰✰✰✰✰✰✰✰✰✰✰✰✰✰✰✰✰✰✰✰✰✰✰✰✰✰✰✰✰✰✰✰✰✰✰✰✰✰✰✰✰✰✰✰✰✰✰✰
(B[m
[4mCurrent(B[m values in [36mprofiledef.sh(B[m!
iso_name="002SE Alpha"
iso_label="002 Server Edition Alpha"
iso_publisher="keyaedisa <https://github.com/keyaedisa>"
iso_application="002SE installer"
iso_version="0.7e"

What to modify [36mnext(B[m?
Choose an option [1m[36m1-5(B[m to modify. Enter [36m6(B[m [1mor(B[m [36mFinished(B[m when [4mfinished(B[m!

[35m
✰✰✰✰✰✰✰✰✰✰✰✰✰✰✰✰✰✰✰✰✰✰✰✰✰✰✰✰✰✰✰✰✰✰✰✰✰✰✰✰✰✰✰✰✰✰✰✰✰
(B[m
[31mWarning(B[m: do [7m[31mNOT(B[m try and enter any combination of '$\(date)'! It does not like! Bug me enough and I'll consider fixing it.

Oki. This [36mISO's version(B[m will be set to [36m0.0.1a(B[m!
[35m
✰✰✰✰✰✰✰✰✰✰✰✰✰✰✰✰✰✰✰✰✰✰✰✰✰✰✰✰✰✰✰✰✰✰✰✰✰✰✰✰✰✰✰✰✰✰✰✰✰
(B[m
[35m
✰✰✰✰✰✰✰✰✰✰✰✰✰✰✰✰✰✰✰✰✰✰✰✰✰✰✰✰✰✰✰✰✰✰✰✰✰✰✰✰✰✰✰✰✰✰✰✰✰
(B[m
[4mCurrent(B[m values in [36mprofiledef.sh(B[m!
iso_name="002SE Alpha"
iso_label="002 Server Edition Alpha"
iso_publisher="keyaedisa <https://github.com/keyaedisa>"
iso_application="002SE installer"
iso_version="0.0.1a"

What to modify [36mnext(B[m?
Choose an option [1m[36m1-5(B[m to modify. Enter [36m6(B[m [1mor(B[m [36mFinished(B[m when [4mfinished(B[m!

[35m
✰✰✰✰✰✰✰✰✰✰✰✰✰✰✰✰✰✰✰✰✰✰✰✰✰✰✰✰✰✰✰✰✰✰✰✰✰✰✰✰✰✰✰✰✰✰✰✰✰
(B[m
Awesome! Let's [36mcontinue(B[m!
[35m
✰✰✰✰✰✰✰✰✰✰✰✰✰✰✰✰✰✰✰✰✰✰✰✰✰✰✰✰✰✰✰✰✰✰✰✰✰✰✰✰✰✰✰✰✰✰✰✰✰
(B[m
[35m
✰✰✰✰✰✰✰✰✰✰✰✰✰✰✰✰✰✰✰✰✰✰✰✰✰✰✰✰✰✰✰✰✰✰✰✰✰✰✰✰✰✰✰✰✰✰✰✰✰
(B[m
Adding [36mbuild time(B[m to /etc/dev-rel
ISO built on : Tue Nov 1 04:21:05 PM EDT 2022
[35m
✰✰✰✰✰✰✰✰✰✰✰✰✰✰✰✰✰✰✰✰✰✰✰✰✰✰✰✰✰✰✰✰✰✰✰✰✰✰✰✰✰✰✰✰✰✰✰✰✰
(B[m
[35m
✰✰✰✰✰✰✰✰✰✰✰✰✰✰✰✰✰✰✰✰✰✰✰✰✰✰✰✰✰✰✰✰✰✰✰✰✰✰✰✰✰✰✰✰✰✰✰✰✰
(B[m
[36mStep 4(B[m: Time to build [36mISO(B[m. This [4mwill(B[m take a while. Go grab a drink or something!
Build [36mstarts(B[m in [31m5 seconds!
[35m
✰✰✰✰✰✰✰✰✰✰✰✰✰✰✰✰✰✰✰✰✰✰✰✰✰✰✰✰✰✰✰✰✰✰✰✰✰✰✰✰✰✰✰✰✰✰✰✰✰
(B[m
[mkarchiso] INFO: Validating options...
[mkarchiso] INFO: Validating 'bios.syslinux.mbr': 'memtest86+' is not in the package list. Memmory testing will not be available from syslinux.
[mkarchiso] INFO: Validating 'bios.syslinux.eltorito': 'memtest86+' is not in the package list. Memmory testing will not be available from syslinux.
[mkarchiso] INFO: 'edk2-shell' is not in the package list. The ISO will not contain a bootable UEFI shell.
[mkarchiso] INFO: 'edk2-shell' is not in the package list. The ISO will not contain a bootable UEFI shell.
[35m
✰✰✰✰✰✰✰✰✰✰✰✰✰✰✰✰✰✰✰✰✰✰✰✰✰✰✰✰✰✰✰✰✰✰✰✰✰✰✰✰✰✰✰✰✰✰✰✰✰
(B[m
[36mDone!(B[m Look in [1m../ignore/(B[m for your [4mbuild and iso folder(B[m!
Made with [31mlove(B[m by your [35mfavorite genderless(B[m being [1m[4m[7m[35mKeyaedisa(B[m[1m!(B[m
[35m
✰✰✰✰✰✰✰✰✰✰✰✰✰✰✰✰✰✰✰✰✰✰✰✰✰✰✰✰✰✰✰✰✰✰✰✰✰✰✰✰✰✰✰✰✰✰✰✰✰
(B[m
